<testsuites>
	<testsuite name="AllTests" tests="8">
		<testcase classname="AllTests" name="OO_version::WarehouseHasInventory"/>
		<testcase classname="AllTests" name="OO_version::WarehouseRemove"/>
		<testcase classname="AllTests" name="OO_version::WarehouseAdd">
			<failure message="../src/TrompeloeilTest.cpp:102 WarehouseAdd: warehouse.hasInventory(TALISKER,50)">
WarehouseAdd: warehouse.hasInventory(TALISKER,50)
			</failure>
		</testcase>
		<testcase classname="AllTests" name="OO_version::WarehouseGetInventory">
			<failure message="../src/TrompeloeilTest.cpp:116 WarehouseGetInventory: 50 == warehouse.getInventory(TALISKER) expected:	50	but was:	0	">
WarehouseGetInventory: 50 == warehouse.getInventory(TALISKER) expected:	50	but was:	0	
			</failure>
		</testcase>
		<testcase classname="AllTests" name="OO_version::testMockingWithTrompeloeil"/>
		<testcase classname="AllTests" name="OO_version::testFulledOrderWithTrompeloeil"/>
		<testcase classname="AllTests" name="OO_version::OrderCtor"/>
		<testcase classname="AllTests" name="OO_version::OrderFillFromWarehouse"/>
	</testsuite>
</testsuites>
